Build started 1/26/2014 5:14:30 PM.
     1>Project "c:\Users\archimedes\documents\visual studio 2010\Projects\VectorPosition\VectorPosition\VectorPosition.vcxproj" on node 2 (build target(s)).
     1>InitializeBuildStatus:
         Touching "Debug\VectorPosition.unsuccessfulbuild".
       ClCompile:
         C:\Program Files (x86)\Microsoft Visual Studio 10.0\VC\bin\CL.exe /c /ZI /nologo /W3 /WX- /Od /Oy- /D WIN32 /D _DEBUG /D _CONSOLE /D _UNICODE /D UNICODE /Gm /EHsc /RTC1 /MDd /GS /fp:precise /Zc:wchar_t /Zc:forScope /Fo"Debug\\" /Fd"Debug\vc100.pdb" /Gd /TP /analyze- /errorReport:prompt example.cpp
         example.cpp
       ManifestResourceCompile:
         C:\Program Files (x86)\Microsoft SDKs\Windows\v7.0A\bin\rc.exe /nologo /fo"Debug\VectorPosition.exe.embed.manifest.res" Debug\VectorPosition_manifest.rc 
       Link:
         C:\Program Files (x86)\Microsoft Visual Studio 10.0\VC\bin\link.exe /ERRORREPORT:PROMPT /OUT:"c:\users\archimedes\documents\visual studio 2010\Projects\VectorPosition\Debug\VectorPosition.exe" /INCREMENTAL /NOLOGO kernel32.lib user32.lib gdi32.lib winspool.lib comdlg32.lib advapi32.lib shell32.lib ole32.lib oleaut32.lib uuid.lib odbc32.lib odbccp32.lib /MANIFEST /ManifestFile:"Debug\VectorPosition.exe.intermediate.manifest" /MANIFESTUAC:"level='asInvoker' uiAccess='false'" /DEBUG /PDB:"c:\users\archimedes\documents\visual studio 2010\Projects\VectorPosition\Debug\VectorPosition.pdb" /SUBSYSTEM:CONSOLE /TLBID:1 /DYNAMICBASE /NXCOMPAT /IMPLIB:"c:\users\archimedes\documents\visual studio 2010\Projects\VectorPosition\Debug\VectorPosition.lib" /MACHINE:X86 Debug\VectorPosition.exe.embed.manifest.res
         Debug\example.obj
       Manifest:
         C:\Program Files (x86)\Microsoft SDKs\Windows\v7.0A\bin\mt.exe /nologo /verbose /out:"Debug\VectorPosition.exe.embed.manifest" /manifest Debug\VectorPosition.exe.intermediate.manifest
         C:\Program Files (x86)\Microsoft SDKs\Windows\v7.0A\bin\rc.exe /nologo /fo"Debug\VectorPosition.exe.embed.manifest.res" Debug\VectorPosition_manifest.rc 
       LinkEmbedManifest:
         C:\Program Files (x86)\Microsoft Visual Studio 10.0\VC\bin\link.exe /ERRORREPORT:PROMPT /OUT:"c:\users\archimedes\documents\visual studio 2010\Projects\VectorPosition\Debug\VectorPosition.exe" /INCREMENTAL /NOLOGO kernel32.lib user32.lib gdi32.lib winspool.lib comdlg32.lib advapi32.lib shell32.lib ole32.lib oleaut32.lib uuid.lib odbc32.lib odbccp32.lib /MANIFEST /ManifestFile:"Debug\VectorPosition.exe.intermediate.manifest" /MANIFESTUAC:"level='asInvoker' uiAccess='false'" /DEBUG /PDB:"c:\users\archimedes\documents\visual studio 2010\Projects\VectorPosition\Debug\VectorPosition.pdb" /SUBSYSTEM:CONSOLE /TLBID:1 /DYNAMICBASE /NXCOMPAT /IMPLIB:"c:\users\archimedes\documents\visual studio 2010\Projects\VectorPosition\Debug\VectorPosition.lib" /MACHINE:X86 Debug\VectorPosition.exe.embed.manifest.res
         Debug\example.obj
         VectorPosition.vcxproj -> c:\users\archimedes\documents\visual studio 2010\Projects\VectorPosition\Debug\VectorPosition.exe
       FinalizeBuildStatus:
         Deleting file "Debug\VectorPosition.unsuccessfulbuild".
         Touching "Debug\VectorPosition.lastbuildstate".
     1>Done Building Project "c:\Users\archimedes\documents\visual studio 2010\Projects\VectorPosition\VectorPosition\VectorPosition.vcxproj" (build target(s)).

Build succeeded.

Time Elapsed 00:00:02.23
